mode: set
github.com/hiroshi-iwashita/Udemy-Working-with-Vue-3-and-Go-Golang-Go/cmd/api/handlers.go:29.71,39.16 5 0
github.com/hiroshi-iwashita/Udemy-Working-with-Vue-3-and-Go-Golang-Go/cmd/api/handlers.go:47.2,51.16 3 0
github.com/hiroshi-iwashita/Udemy-Working-with-Vue-3-and-Go-Golang-Go/cmd/api/handlers.go:57.2,58.34 2 0
github.com/hiroshi-iwashita/Udemy-Working-with-Vue-3-and-Go-Golang-Go/cmd/api/handlers.go:63.2,64.16 2 0
github.com/hiroshi-iwashita/Udemy-Working-with-Vue-3-and-Go-Golang-Go/cmd/api/handlers.go:69.2,69.22 1 0
github.com/hiroshi-iwashita/Udemy-Working-with-Vue-3-and-Go-Golang-Go/cmd/api/handlers.go:75.2,76.16 2 0
github.com/hiroshi-iwashita/Udemy-Working-with-Vue-3-and-Go-Golang-Go/cmd/api/handlers.go:81.2,88.16 3 0
github.com/hiroshi-iwashita/Udemy-Working-with-Vue-3-and-Go-Golang-Go/cmd/api/handlers.go:39.16,44.3 4 0
github.com/hiroshi-iwashita/Udemy-Working-with-Vue-3-and-Go-Golang-Go/cmd/api/handlers.go:51.16,54.3 2 0
github.com/hiroshi-iwashita/Udemy-Working-with-Vue-3-and-Go-Golang-Go/cmd/api/handlers.go:58.34,60.3 1 0
github.com/hiroshi-iwashita/Udemy-Working-with-Vue-3-and-Go-Golang-Go/cmd/api/handlers.go:64.16,66.3 1 0
github.com/hiroshi-iwashita/Udemy-Working-with-Vue-3-and-Go-Golang-Go/cmd/api/handlers.go:69.22,72.3 2 0
github.com/hiroshi-iwashita/Udemy-Working-with-Vue-3-and-Go-Golang-Go/cmd/api/handlers.go:76.16,78.3 1 0
github.com/hiroshi-iwashita/Udemy-Working-with-Vue-3-and-Go-Golang-Go/cmd/api/handlers.go:88.16,90.3 1 0
github.com/hiroshi-iwashita/Udemy-Working-with-Vue-3-and-Go-Golang-Go/cmd/api/handlers.go:93.72,99.16 3 0
github.com/hiroshi-iwashita/Udemy-Working-with-Vue-3-and-Go-Golang-Go/cmd/api/handlers.go:104.2,105.16 2 0
github.com/hiroshi-iwashita/Udemy-Working-with-Vue-3-and-Go-Golang-Go/cmd/api/handlers.go:110.2,115.46 2 0
github.com/hiroshi-iwashita/Udemy-Working-with-Vue-3-and-Go-Golang-Go/cmd/api/handlers.go:99.16,102.3 2 0
github.com/hiroshi-iwashita/Udemy-Working-with-Vue-3-and-Go-Golang-Go/cmd/api/handlers.go:105.16,108.3 2 0
github.com/hiroshi-iwashita/Udemy-Working-with-Vue-3-and-Go-Golang-Go/cmd/api/handlers.go:118.74,121.16 3 1
github.com/hiroshi-iwashita/Udemy-Working-with-Vue-3-and-Go-Golang-Go/cmd/api/handlers.go:126.2,132.42 2 1
github.com/hiroshi-iwashita/Udemy-Working-with-Vue-3-and-Go-Golang-Go/cmd/api/handlers.go:121.16,124.3 2 0
github.com/hiroshi-iwashita/Udemy-Working-with-Vue-3-and-Go-Golang-Go/cmd/api/handlers.go:135.74,138.16 3 0
github.com/hiroshi-iwashita/Udemy-Working-with-Vue-3-and-Go-Golang-Go/cmd/api/handlers.go:143.2,143.18 1 0
github.com/hiroshi-iwashita/Udemy-Working-with-Vue-3-and-Go-Golang-Go/cmd/api/handlers.go:176.2,181.42 2 0
github.com/hiroshi-iwashita/Udemy-Working-with-Vue-3-and-Go-Golang-Go/cmd/api/handlers.go:138.16,141.3 2 0
github.com/hiroshi-iwashita/Udemy-Working-with-Vue-3-and-Go-Golang-Go/cmd/api/handlers.go:143.18,145.57 1 0
github.com/hiroshi-iwashita/Udemy-Working-with-Vue-3-and-Go-Golang-Go/cmd/api/handlers.go:145.57,147.4 1 0
github.com/hiroshi-iwashita/Udemy-Working-with-Vue-3-and-Go-Golang-Go/cmd/api/handlers.go:148.8,151.17 2 0
github.com/hiroshi-iwashita/Udemy-Working-with-Vue-3-and-Go-Golang-Go/cmd/api/handlers.go:156.3,161.36 5 0
github.com/hiroshi-iwashita/Udemy-Working-with-Vue-3-and-Go-Golang-Go/cmd/api/handlers.go:167.3,167.26 1 0
github.com/hiroshi-iwashita/Udemy-Working-with-Vue-3-and-Go-Golang-Go/cmd/api/handlers.go:151.17,154.4 2 0
github.com/hiroshi-iwashita/Udemy-Working-with-Vue-3-and-Go-Golang-Go/cmd/api/handlers.go:161.36,164.4 2 0
github.com/hiroshi-iwashita/Udemy-Working-with-Vue-3-and-Go-Golang-Go/cmd/api/handlers.go:167.26,169.18 2 0
github.com/hiroshi-iwashita/Udemy-Working-with-Vue-3-and-Go-Golang-Go/cmd/api/handlers.go:169.18,172.5 2 0
github.com/hiroshi-iwashita/Udemy-Working-with-Vue-3-and-Go-Golang-Go/cmd/api/handlers.go:184.73,186.16 2 0
github.com/hiroshi-iwashita/Udemy-Working-with-Vue-3-and-Go-Golang-Go/cmd/api/handlers.go:191.2,192.16 2 0
github.com/hiroshi-iwashita/Udemy-Working-with-Vue-3-and-Go-Golang-Go/cmd/api/handlers.go:197.2,197.43 1 0
github.com/hiroshi-iwashita/Udemy-Working-with-Vue-3-and-Go-Golang-Go/cmd/api/handlers.go:186.16,189.3 2 0
github.com/hiroshi-iwashita/Udemy-Working-with-Vue-3-and-Go-Golang-Go/cmd/api/handlers.go:192.16,195.3 2 0
github.com/hiroshi-iwashita/Udemy-Working-with-Vue-3-and-Go-Golang-Go/cmd/api/handlers.go:200.76,206.16 3 0
github.com/hiroshi-iwashita/Udemy-Working-with-Vue-3-and-Go-Golang-Go/cmd/api/handlers.go:211.2,212.16 2 0
github.com/hiroshi-iwashita/Udemy-Working-with-Vue-3-and-Go-Golang-Go/cmd/api/handlers.go:217.2,222.46 2 0
github.com/hiroshi-iwashita/Udemy-Working-with-Vue-3-and-Go-Golang-Go/cmd/api/handlers.go:206.16,209.3 2 0
github.com/hiroshi-iwashita/Udemy-Working-with-Vue-3-and-Go-Golang-Go/cmd/api/handlers.go:212.16,215.3 2 0
github.com/hiroshi-iwashita/Udemy-Working-with-Vue-3-and-Go-Golang-Go/cmd/api/handlers.go:225.90,227.16 2 0
github.com/hiroshi-iwashita/Udemy-Working-with-Vue-3-and-Go-Golang-Go/cmd/api/handlers.go:232.2,233.16 2 0
github.com/hiroshi-iwashita/Udemy-Working-with-Vue-3-and-Go-Golang-Go/cmd/api/handlers.go:238.2,240.16 3 0
github.com/hiroshi-iwashita/Udemy-Working-with-Vue-3-and-Go-Golang-Go/cmd/api/handlers.go:246.2,247.16 2 0
github.com/hiroshi-iwashita/Udemy-Working-with-Vue-3-and-Go-Golang-Go/cmd/api/handlers.go:252.2,257.52 2 0
github.com/hiroshi-iwashita/Udemy-Working-with-Vue-3-and-Go-Golang-Go/cmd/api/handlers.go:227.16,230.3 2 0
github.com/hiroshi-iwashita/Udemy-Working-with-Vue-3-and-Go-Golang-Go/cmd/api/handlers.go:233.16,236.3 2 0
github.com/hiroshi-iwashita/Udemy-Working-with-Vue-3-and-Go-Golang-Go/cmd/api/handlers.go:240.16,243.3 2 0
github.com/hiroshi-iwashita/Udemy-Working-with-Vue-3-and-Go-Golang-Go/cmd/api/handlers.go:247.16,250.3 2 0
github.com/hiroshi-iwashita/Udemy-Working-with-Vue-3-and-Go-Golang-Go/cmd/api/handlers.go:260.79,266.16 3 0
github.com/hiroshi-iwashita/Udemy-Working-with-Vue-3-and-Go-Golang-Go/cmd/api/handlers.go:271.2,279.46 4 0
github.com/hiroshi-iwashita/Udemy-Working-with-Vue-3-and-Go-Golang-Go/cmd/api/handlers.go:266.16,269.3 2 0
github.com/hiroshi-iwashita/Udemy-Working-with-Vue-3-and-Go-Golang-Go/cmd/api/handlers.go:282.74,284.16 2 0
github.com/hiroshi-iwashita/Udemy-Working-with-Vue-3-and-Go-Golang-Go/cmd/api/handlers.go:289.2,295.42 2 0
github.com/hiroshi-iwashita/Udemy-Working-with-Vue-3-and-Go-Golang-Go/cmd/api/handlers.go:284.16,287.3 2 0
github.com/hiroshi-iwashita/Udemy-Working-with-Vue-3-and-Go-Golang-Go/cmd/api/handlers.go:298.73,302.16 3 0
github.com/hiroshi-iwashita/Udemy-Working-with-Vue-3-and-Go-Golang-Go/cmd/api/handlers.go:307.2,312.42 2 0
github.com/hiroshi-iwashita/Udemy-Working-with-Vue-3-and-Go-Golang-Go/cmd/api/handlers.go:302.16,305.3 2 0
github.com/hiroshi-iwashita/Udemy-Working-with-Vue-3-and-Go-Golang-Go/cmd/api/handlers.go:317.76,319.16 2 0
github.com/hiroshi-iwashita/Udemy-Working-with-Vue-3-and-Go-Golang-Go/cmd/api/handlers.go:324.2,331.24 3 0
github.com/hiroshi-iwashita/Udemy-Working-with-Vue-3-and-Go-Golang-Go/cmd/api/handlers.go:340.2,345.42 2 0
github.com/hiroshi-iwashita/Udemy-Working-with-Vue-3-and-Go-Golang-Go/cmd/api/handlers.go:319.16,322.3 2 0
github.com/hiroshi-iwashita/Udemy-Working-with-Vue-3-and-Go-Golang-Go/cmd/api/handlers.go:331.24,338.3 2 0
github.com/hiroshi-iwashita/Udemy-Working-with-Vue-3-and-Go-Golang-Go/cmd/api/handlers.go:348.74,360.16 3 0
github.com/hiroshi-iwashita/Udemy-Working-with-Vue-3-and-Go-Golang-Go/cmd/api/handlers.go:365.2,375.41 2 0
github.com/hiroshi-iwashita/Udemy-Working-with-Vue-3-and-Go-Golang-Go/cmd/api/handlers.go:390.2,390.18 1 0
github.com/hiroshi-iwashita/Udemy-Working-with-Vue-3-and-Go-Golang-Go/cmd/api/handlers.go:406.2,411.48 2 0
github.com/hiroshi-iwashita/Udemy-Working-with-Vue-3-and-Go-Golang-Go/cmd/api/handlers.go:360.16,363.3 2 0
github.com/hiroshi-iwashita/Udemy-Working-with-Vue-3-and-Go-Golang-Go/cmd/api/handlers.go:375.41,378.17 2 0
github.com/hiroshi-iwashita/Udemy-Working-with-Vue-3-and-Go-Golang-Go/cmd/api/handlers.go:384.3,384.109 1 0
github.com/hiroshi-iwashita/Udemy-Working-with-Vue-3-and-Go-Golang-Go/cmd/api/handlers.go:378.17,381.4 2 0
github.com/hiroshi-iwashita/Udemy-Working-with-Vue-3-and-Go-Golang-Go/cmd/api/handlers.go:384.109,387.4 2 0
github.com/hiroshi-iwashita/Udemy-Working-with-Vue-3-and-Go-Golang-Go/cmd/api/handlers.go:390.18,393.17 2 0
github.com/hiroshi-iwashita/Udemy-Working-with-Vue-3-and-Go-Golang-Go/cmd/api/handlers.go:393.17,396.4 2 0
github.com/hiroshi-iwashita/Udemy-Working-with-Vue-3-and-Go-Golang-Go/cmd/api/handlers.go:397.8,400.17 2 0
github.com/hiroshi-iwashita/Udemy-Working-with-Vue-3-and-Go-Golang-Go/cmd/api/handlers.go:400.17,403.4 2 0
github.com/hiroshi-iwashita/Udemy-Working-with-Vue-3-and-Go-Golang-Go/cmd/api/handlers.go:414.74,416.16 2 0
github.com/hiroshi-iwashita/Udemy-Working-with-Vue-3-and-Go-Golang-Go/cmd/api/handlers.go:421.2,422.16 2 0
github.com/hiroshi-iwashita/Udemy-Working-with-Vue-3-and-Go-Golang-Go/cmd/api/handlers.go:427.2,432.42 2 0
github.com/hiroshi-iwashita/Udemy-Working-with-Vue-3-and-Go-Golang-Go/cmd/api/handlers.go:416.16,419.3 2 0
github.com/hiroshi-iwashita/Udemy-Working-with-Vue-3-and-Go-Golang-Go/cmd/api/handlers.go:422.16,425.3 2 0
github.com/hiroshi-iwashita/Udemy-Working-with-Vue-3-and-Go-Golang-Go/cmd/api/handlers.go:435.76,441.16 3 0
github.com/hiroshi-iwashita/Udemy-Working-with-Vue-3-and-Go-Golang-Go/cmd/api/handlers.go:446.2,447.16 2 0
github.com/hiroshi-iwashita/Udemy-Working-with-Vue-3-and-Go-Golang-Go/cmd/api/handlers.go:452.2,457.42 2 0
github.com/hiroshi-iwashita/Udemy-Working-with-Vue-3-and-Go-Golang-Go/cmd/api/handlers.go:441.16,444.3 2 0
github.com/hiroshi-iwashita/Udemy-Working-with-Vue-3-and-Go-Golang-Go/cmd/api/handlers.go:447.16,450.3 2 0
github.com/hiroshi-iwashita/Udemy-Working-with-Vue-3-and-Go-Golang-Go/cmd/api/helpers.go:12.98,18.16 5 1
github.com/hiroshi-iwashita/Udemy-Working-with-Vue-3-and-Go-Golang-Go/cmd/api/helpers.go:22.2,23.19 2 1
github.com/hiroshi-iwashita/Udemy-Working-with-Vue-3-and-Go-Golang-Go/cmd/api/helpers.go:27.2,27.12 1 1
github.com/hiroshi-iwashita/Udemy-Working-with-Vue-3-and-Go-Golang-Go/cmd/api/helpers.go:18.16,20.3 1 0
github.com/hiroshi-iwashita/Udemy-Working-with-Vue-3-and-Go-Golang-Go/cmd/api/helpers.go:23.19,25.3 1 0
github.com/hiroshi-iwashita/Udemy-Working-with-Vue-3-and-Go-Golang-Go/cmd/api/helpers.go:31.118,34.38 2 1
github.com/hiroshi-iwashita/Udemy-Working-with-Vue-3-and-Go-Golang-Go/cmd/api/helpers.go:48.2,48.22 1 1
github.com/hiroshi-iwashita/Udemy-Working-with-Vue-3-and-Go-Golang-Go/cmd/api/helpers.go:54.2,57.16 4 1
github.com/hiroshi-iwashita/Udemy-Working-with-Vue-3-and-Go-Golang-Go/cmd/api/helpers.go:61.2,61.12 1 1
github.com/hiroshi-iwashita/Udemy-Working-with-Vue-3-and-Go-Golang-Go/cmd/api/helpers.go:34.38,36.17 2 1
github.com/hiroshi-iwashita/Udemy-Working-with-Vue-3-and-Go-Golang-Go/cmd/api/helpers.go:39.3,39.15 1 1
github.com/hiroshi-iwashita/Udemy-Working-with-Vue-3-and-Go-Golang-Go/cmd/api/helpers.go:36.17,38.4 1 0
github.com/hiroshi-iwashita/Udemy-Working-with-Vue-3-and-Go-Golang-Go/cmd/api/helpers.go:40.8,42.17 2 1
github.com/hiroshi-iwashita/Udemy-Working-with-Vue-3-and-Go-Golang-Go/cmd/api/helpers.go:45.3,45.15 1 1
github.com/hiroshi-iwashita/Udemy-Working-with-Vue-3-and-Go-Golang-Go/cmd/api/helpers.go:42.17,44.4 1 0
github.com/hiroshi-iwashita/Udemy-Working-with-Vue-3-and-Go-Golang-Go/cmd/api/helpers.go:48.22,49.38 1 1
github.com/hiroshi-iwashita/Udemy-Working-with-Vue-3-and-Go-Golang-Go/cmd/api/helpers.go:49.38,51.4 1 1
github.com/hiroshi-iwashita/Udemy-Working-with-Vue-3-and-Go-Golang-Go/cmd/api/helpers.go:57.16,59.3 1 0
github.com/hiroshi-iwashita/Udemy-Working-with-Vue-3-and-Go-Golang-Go/cmd/api/helpers.go:66.90,69.21 2 1
github.com/hiroshi-iwashita/Udemy-Working-with-Vue-3-and-Go-Golang-Go/cmd/api/helpers.go:73.2,75.9 2 1
github.com/hiroshi-iwashita/Udemy-Working-with-Vue-3-and-Go-Golang-Go/cmd/api/helpers.go:89.2,95.12 5 1
github.com/hiroshi-iwashita/Udemy-Working-with-Vue-3-and-Go-Golang-Go/cmd/api/helpers.go:69.21,71.3 1 1
github.com/hiroshi-iwashita/Udemy-Working-with-Vue-3-and-Go-Golang-Go/cmd/api/helpers.go:76.55,78.36 2 1
github.com/hiroshi-iwashita/Udemy-Working-with-Vue-3-and-Go-Golang-Go/cmd/api/helpers.go:79.55,81.36 2 1
github.com/hiroshi-iwashita/Udemy-Working-with-Vue-3-and-Go-Golang-Go/cmd/api/helpers.go:82.55,84.36 2 1
github.com/hiroshi-iwashita/Udemy-Working-with-Vue-3-and-Go-Golang-Go/cmd/api/helpers.go:85.10,86.18 1 1
github.com/hiroshi-iwashita/Udemy-Working-with-Vue-3-and-Go-Golang-Go/cmd/api/main.go:30.13,41.16 8 0
github.com/hiroshi-iwashita/Udemy-Working-with-Vue-3-and-Go-Golang-Go/cmd/api/main.go:44.2,55.16 4 0
github.com/hiroshi-iwashita/Udemy-Working-with-Vue-3-and-Go-Golang-Go/cmd/api/main.go:41.16,43.3 1 0
github.com/hiroshi-iwashita/Udemy-Working-with-Vue-3-and-Go-Golang-Go/cmd/api/main.go:55.16,57.3 1 0
github.com/hiroshi-iwashita/Udemy-Working-with-Vue-3-and-Go-Golang-Go/cmd/api/main.go:61.39,70.2 3 0
github.com/hiroshi-iwashita/Udemy-Working-with-Vue-3-and-Go-Golang-Go/cmd/api/middleware.go:5.77,6.71 1 1
github.com/hiroshi-iwashita/Udemy-Working-with-Vue-3-and-Go-Golang-Go/cmd/api/middleware.go:6.71,8.17 2 0
github.com/hiroshi-iwashita/Udemy-Working-with-Vue-3-and-Go-Golang-Go/cmd/api/middleware.go:17.3,17.23 1 0
github.com/hiroshi-iwashita/Udemy-Working-with-Vue-3-and-Go-Golang-Go/cmd/api/middleware.go:8.17,16.4 3 0
github.com/hiroshi-iwashita/Udemy-Working-with-Vue-3-and-Go-Golang-Go/cmd/api/routes.go:15.47,54.43 10 1
github.com/hiroshi-iwashita/Udemy-Working-with-Vue-3-and-Go-Golang-Go/cmd/api/routes.go:72.2,75.12 3 1
github.com/hiroshi-iwashita/Udemy-Working-with-Vue-3-and-Go-Golang-Go/cmd/api/routes.go:54.43,69.3 10 1
